<?xml version="1.0" encoding="UTF-8"?>
<!-- Generated by org.testng.reporters.JUnitReportReporter -->
<testsuite skipped="0" hostname="srinivass-MacBook-Pro.local" name="com.practice.qa.tests.LoginPageTest" tests="1" failures="0" timestamp="29 Jun 2019 18:37:12 GMT" time="6.703" errors="0">
  <testcase name="loginTest" time="6.703" classname="com.practice.qa.tests.LoginPageTest"/>
</testsuite> <!-- com.practice.qa.tests.LoginPageTest -->
